<?xml version="1.0" encoding="UTF-8"?>
<!-- Generated by org.testng.reporters.JUnitXMLReporter -->
<testsuite hostname="LTH202656" ignored="2" name="ChromeTest" tests="2" failures="0" timestamp="08 May 2018 12:54:12 GMT" time="33.975" errors="0">
  <testcase name="saveHotelReservationForm" time="6.65" classname="TestScripts.Booking"/>
  <testcase name="DeleteHotelReservationForm" time="0.146" classname="TestScripts.Booking"/>
  <testcase name="@AfterTest closebrowser" time="0.0" classname="MainPrgm.Base">
    <ignored/>
  </testcase> <!-- @AfterTest closebrowser -->
  <testcase name="@BeforeTest openbrowser" time="0.0" classname="MainPrgm.Base">
    <ignored/>
  </testcase> <!-- @BeforeTest openbrowser -->
</testsuite> <!-- ChromeTest -->
